<?xml version="1.0" encoding="UTF-8"?>
<!-- Generated by org.testng.reporters.JUnitXMLReporter -->
<testsuite hostname="Gaurav-MacBook-Air.local" name="Sanity Test on FireFox" tests="4" failures="0" timestamp="11 Nov 2017 08:47:10 GMT" time="50.327" errors="0">
  <testcase name="verifyPageTitle" time="0.225" classname="testcases.HomepageTest"/>
  <testcase name="verifyCurrentURL" time="0.327" classname="testcases.HomepageTest"/>
  <testcase name="verifyInputFormDropdown" time="1.02" classname="testcases.HomepageTest"/>
  <testcase name="verifyDatePickerDropdown" time="17.638" classname="testcases.HomepageTest"/>
</testsuite> <!-- Sanity Test on FireFox -->
