<?xml version="1.0" encoding="UTF-8"?>
<!-- Generated by org.testng.reporters.JUnitXMLReporter -->
<testsuite hostname="Gaurav-MacBook-Air.local" name="Sanity Test on Chrome" tests="4" failures="0" timestamp="7 Feb 2018 05:31:40 GMT" time="18.815" errors="0">
  <testcase name="verifyPageTitle" time="0.149" classname="testcases.HomepageTest"/>
  <testcase name="verifyCurrentURL" time="0.076" classname="testcases.HomepageTest"/>
  <testcase name="verifyInputFormDropdown" time="0.572" classname="testcases.HomepageTest"/>
  <testcase name="verifyDatePickerDropdown" time="1.766" classname="testcases.HomepageTest"/>
</testsuite> <!-- Sanity Test on Chrome -->
