<?xml version="1.0" encoding="UTF-8"?>
<testsuite name="testcases.HomepageTest" time="1.173" tests="14" errors="0" skipped="13" failures="1">
  <properties>
[...]
</properties>
  <testcase name="openBrowser" classname="testcases.HomepageTest" time="1.173">
    <failure message="&#10;Parameter &apos;browser&apos; is required by @Configuration on method openBrowser but has not been marked @Optional or defined&#10;" type="org.testng.TestNGException">org.testng.TestNGException: 
Parameter 'browser' is required by @Configuration on method openBrowser but has not been marked @Optional or defined

	at org.testng.internal.Parameters.createParameters(Parameters.java:154)
	at org.testng.internal.Parameters.createParameters(Parameters.java:361)
	at org.testng.internal.Parameters.createConfigurationParameters(Parameters.java:84)
	at org.testng.internal.Invoker.invokeConfigurations(Invoker.java:201)
	at org.testng.internal.Invoker.invokeMethod(Invoker.java:589)
	at org.testng.internal.Invoker.invokeTestMethod(Invoker.java:820)
	at org.testng.internal.Invoker.invokeTestMethods(Invoker.java:1128)
	at org.testng.internal.TestMethodWorker.invokeTestMethods(TestMethodWorker.java:129)
	at org.testng.internal.TestMethodWorker.run(TestMethodWorker.java:112)
	at org.testng.TestRunner.privateRun(TestRunner.java:782)
	at org.testng.TestRunner.run(TestRunner.java:632)
	at org.testng.SuiteRunner.runTest(SuiteRunner.java:366)
	at org.testng.SuiteRunner.runSequentially(SuiteRunner.java:361)
	at org.testng.SuiteRunner.privateRun(SuiteRunner.java:319)
	at org.testng.SuiteRunner.run(SuiteRunner.java:268)
	at org.testng.SuiteRunnerWorker.runSuite(SuiteRunnerWorker.java:52)
	at org.testng.SuiteRunnerWorker.run(SuiteRunnerWorker.java:86)
	at org.testng.TestNG.runSuitesSequentially(TestNG.java:1244)
	at org.testng.TestNG.runSuitesLocally(TestNG.java:1169)
	at org.testng.TestNG.run(TestNG.java:1064)
	at org.apache.maven.surefire.testng.TestNGExecutor.run(TestNGExecutor.java:115)
	at org.apache.maven.surefire.testng.TestNGDirectoryTestSuite.executeSingleClass(TestNGDirectoryTestSuite.java:128)
	at org.apache.maven.surefire.testng.TestNGDirectoryTestSuite.execute(TestNGDirectoryTestSuite.java:112)
	at org.apache.maven.surefire.testng.TestNGProvider.invoke(TestNGProvider.java:112)
	at org.apache.maven.surefire.booter.ForkedBooter.invokeProviderInSameClassLoader(ForkedBooter.java:200)
	at org.apache.maven.surefire.booter.ForkedBooter.runSuitesInProcess(ForkedBooter.java:153)
	at org.apache.maven.surefire.booter.ForkedBooter.main(ForkedBooter.java:103)
</failure>
    <system-out><![CDATA[Configuring TestNG with: TestNG652Configurator
]]></system-out>
  </testcase>
  <testcase name="verifyPageTitle" classname="testcases.HomepageTest" time="0">
    <skipped/>
  </testcase>
  <testcase name="closeBrowser" classname="testcases.HomepageTest" time="0">
    <skipped/>
  </testcase>
  <testcase name="openBrowser" classname="testcases.HomepageTest" time="0">
    <skipped/>
  </testcase>
  <testcase name="verifyCurrentURL" classname="testcases.HomepageTest" time="0">
    <skipped/>
  </testcase>
  <testcase name="closeBrowser" classname="testcases.HomepageTest" time="0">
    <skipped/>
  </testcase>
  <testcase name="openBrowser" classname="testcases.HomepageTest" time="0">
    <skipped/>
  </testcase>
  <testcase name="verifyInputFormDropdown" classname="testcases.HomepageTest" time="0">
    <skipped/>
  </testcase>
  <testcase name="closeBrowser" classname="testcases.HomepageTest" time="0">
    <skipped/>
  </testcase>
  <testcase name="openBrowser" classname="testcases.HomepageTest" time="0">
    <skipped/>
  </testcase>
  <testcase name="verifyDatePickerDropdown" classname="testcases.HomepageTest" time="0">
    <skipped/>
  </testcase>
  <testcase name="closeBrowser" classname="testcases.HomepageTest" time="0">
    <skipped/>
  </testcase>
  <testcase name="quitebrowser" classname="testcases.HomepageTest" time="0">
    <skipped/>
  </testcase>
  <testcase name="closeAllBrowser" classname="testcases.HomepageTest" time="0">
    <skipped/>
  </testcase>
</testsuite>